c:\users\klorinmannen\documents\visual studio 2015\pa1415\assignments\twitternethackproject\newtwitternethack\newtwitternethack\x64\debug\vc140.pdb
c:\users\klorinmannen\documents\visual studio 2015\pa1415\assignments\twitternethackproject\newtwitternethack\newtwitternethack\x64\debug\vc140.idb
c:\users\klorinmannen\documents\visual studio 2015\pa1415\assignments\twitternethackproject\newtwitternethack\newtwitternethack\x64\debug\gamehandler.obj
c:\users\klorinmannen\documents\visual studio 2015\pa1415\assignments\twitternethackproject\newtwitternethack\newtwitternethack\x64\debug\inventory.obj
c:\users\klorinmannen\documents\visual studio 2015\pa1415\assignments\twitternethackproject\newtwitternethack\newtwitternethack\x64\debug\item.obj
c:\users\klorinmannen\documents\visual studio 2015\pa1415\assignments\twitternethackproject\newtwitternethack\newtwitternethack\x64\debug\menu.obj
c:\users\klorinmannen\documents\visual studio 2015\pa1415\assignments\twitternethackproject\newtwitternethack\newtwitternethack\x64\debug\player.obj
c:\users\klorinmannen\documents\visual studio 2015\pa1415\assignments\twitternethackproject\newtwitternethack\newtwitternethack\x64\debug\portal.obj
c:\users\klorinmannen\documents\visual studio 2015\pa1415\assignments\twitternethackproject\newtwitternethack\newtwitternethack\x64\debug\room.obj
c:\users\klorinmannen\documents\visual studio 2015\pa1415\assignments\twitternethackproject\newtwitternethack\newtwitternethack\x64\debug\main.obj
c:\users\klorinmannen\documents\visual studio 2015\pa1415\assignments\twitternethackproject\newtwitternethack\x64\debug\newtwitternethack.pdb
c:\users\klorinmannen\documents\visual studio 2015\pa1415\assignments\twitternethackproject\newtwitternethack\newtwitternethack\x64\debug\newtwitt.e6340417.tlog\cl.command.1.tlog
c:\users\klorinmannen\documents\visual studio 2015\pa1415\assignments\twitternethackproject\newtwitternethack\newtwitternethack\x64\debug\newtwitt.e6340417.tlog\cl.read.1.tlog
c:\users\klorinmannen\documents\visual studio 2015\pa1415\assignments\twitternethackproject\newtwitternethack\newtwitternethack\x64\debug\newtwitt.e6340417.tlog\cl.write.1.tlog
c:\users\klorinmannen\documents\visual studio 2015\pa1415\assignments\twitternethackproject\newtwitternethack\newtwitternethack\x64\debug\newtwitt.e6340417.tlog\link-cvtres.read.1.tlog
c:\users\klorinmannen\documents\visual studio 2015\pa1415\assignments\twitternethackproject\newtwitternethack\newtwitternethack\x64\debug\newtwitt.e6340417.tlog\link-cvtres.write.1.tlog
c:\users\klorinmannen\documents\visual studio 2015\pa1415\assignments\twitternethackproject\newtwitternethack\newtwitternethack\x64\debug\newtwitt.e6340417.tlog\link-rc.read.1.tlog
c:\users\klorinmannen\documents\visual studio 2015\pa1415\assignments\twitternethackproject\newtwitternethack\newtwitternethack\x64\debug\newtwitt.e6340417.tlog\link-rc.write.1.tlog
c:\users\klorinmannen\documents\visual studio 2015\pa1415\assignments\twitternethackproject\newtwitternethack\newtwitternethack\x64\debug\newtwitt.e6340417.tlog\link.command.1.tlog
c:\users\klorinmannen\documents\visual studio 2015\pa1415\assignments\twitternethackproject\newtwitternethack\newtwitternethack\x64\debug\newtwitt.e6340417.tlog\link.read.1.tlog
c:\users\klorinmannen\documents\visual studio 2015\pa1415\assignments\twitternethackproject\newtwitternethack\newtwitternethack\x64\debug\newtwitt.e6340417.tlog\link.write.1.tlog
