c:\users\teemu\documents\visual studio 2017\projects\newtwitternethack\newtwitternethack\release\vc141.pdb
c:\users\teemu\documents\visual studio 2017\projects\newtwitternethack\newtwitternethack\release\main.obj
c:\users\teemu\documents\github\pa1415\assignments\twitternethackproject\newtwitternethack\newtwitternethack\release\vc140.pdb
c:\users\teemu\documents\github\pa1415\assignments\twitternethackproject\newtwitternethack\newtwitternethack\release\room.obj
c:\users\teemu\documents\github\pa1415\assignments\twitternethackproject\newtwitternethack\newtwitternethack\release\portal.obj
c:\users\teemu\documents\github\pa1415\assignments\twitternethackproject\newtwitternethack\newtwitternethack\release\item.obj
c:\users\teemu\documents\github\pa1415\assignments\twitternethackproject\newtwitternethack\newtwitternethack\release\inventory.obj
c:\users\teemu\documents\github\pa1415\assignments\twitternethackproject\newtwitternethack\newtwitternethack\release\gamehandler.obj
c:\users\teemu\documents\github\pa1415\assignments\twitternethackproject\newtwitternethack\newtwitternethack\release\player.obj
c:\users\teemu\documents\github\pa1415\assignments\twitternethackproject\newtwitternethack\newtwitternethack\release\menu.obj
c:\users\teemu\documents\github\pa1415\assignments\twitternethackproject\newtwitternethack\newtwitternethack\release\main.obj
c:\users\teemu\documents\visual studio 2017\projects\newtwitternethack\release\newtwitternethack.exe
c:\users\teemu\documents\visual studio 2017\projects\newtwitternethack\release\newtwitternethack.pdb
c:\users\teemu\documents\github\pa1415\assignments\twitternethackproject\newtwitternethack\release\newtwitternethack.exe
c:\users\teemu\documents\github\pa1415\assignments\twitternethackproject\newtwitternethack\release\newtwitternethack.ipdb
c:\users\teemu\documents\github\pa1415\assignments\twitternethackproject\newtwitternethack\release\newtwitternethack.iobj
c:\users\teemu\documents\github\pa1415\assignments\twitternethackproject\newtwitternethack\release\newtwitternethack.pdb
c:\users\teemu\documents\visual studio 2017\projects\newtwitternethack\release\newtwitternethack.ipdb
c:\users\teemu\documents\visual studio 2017\projects\newtwitternethack\release\newtwitternethack.iobj
c:\users\teemu\documents\github\pa1415\assignments\twitternethackproject\newtwitternethack\newtwitternethack\release\twitterapi.obj
c:\users\teemu\documents\github\pa1415\assignments\twitternethackproject\newtwitternethack\newtwitternethack\release\vc141.pdb
c:\users\teemu\documents\github\pa1415\assignments\twitternethackproject\newtwitternethack\newtwitternethack\release\newtwitt.e6340417.tlog\cl.command.1.tlog
c:\users\teemu\documents\github\pa1415\assignments\twitternethackproject\newtwitternethack\newtwitternethack\release\newtwitt.e6340417.tlog\cl.read.1.tlog
c:\users\teemu\documents\github\pa1415\assignments\twitternethackproject\newtwitternethack\newtwitternethack\release\newtwitt.e6340417.tlog\cl.write.1.tlog
c:\users\teemu\documents\github\pa1415\assignments\twitternethackproject\newtwitternethack\newtwitternethack\release\newtwitt.e6340417.tlog\link.command.1.tlog
c:\users\teemu\documents\github\pa1415\assignments\twitternethackproject\newtwitternethack\newtwitternethack\release\newtwitt.e6340417.tlog\link.read.1.tlog
c:\users\teemu\documents\github\pa1415\assignments\twitternethackproject\newtwitternethack\newtwitternethack\release\newtwitt.e6340417.tlog\link.write.1.tlog
c:\users\teemu\documents\github\pa1415\assignments\twitternethackproject\newtwitternethack\newtwitternethack\release\newtwitt.e6340417.tlog\newtwitternethack.write.1u.tlog
