  Room.cpp
c:\users\teemu\documents\github\pa1415\assignments\twitternethackproject\newtwitternethack\newtwitternethack\room.cpp(121): warning C4244: 'argument': conversion from 'int' to 'float', possible loss of data
c:\users\teemu\documents\github\pa1415\assignments\twitternethackproject\newtwitternethack\newtwitternethack\room.cpp(122): warning C4244: 'argument': conversion from 'int' to 'float', possible loss of data
c:\users\teemu\documents\github\pa1415\assignments\twitternethackproject\newtwitternethack\newtwitternethack\room.cpp(123): warning C4244: 'argument': conversion from 'int' to 'float', possible loss of data
c:\users\teemu\documents\github\pa1415\assignments\twitternethackproject\newtwitternethack\newtwitternethack\room.cpp(124): warning C4244: 'argument': conversion from 'int' to 'float', possible loss of data
c:\users\teemu\documents\github\pa1415\assignments\twitternethackproject\newtwitternethack\newtwitternethack\room.cpp(130): warning C4244: 'argument': conversion from 'int' to 'float', possible loss of data
c:\users\teemu\documents\github\pa1415\assignments\twitternethackproject\newtwitternethack\newtwitternethack\room.cpp(131): warning C4244: 'argument': conversion from 'int' to 'float', possible loss of data
c:\users\teemu\documents\github\pa1415\assignments\twitternethackproject\newtwitternethack\newtwitternethack\room.cpp(132): warning C4244: 'argument': conversion from 'int' to 'float', possible loss of data
c:\users\teemu\documents\github\pa1415\assignments\twitternethackproject\newtwitternethack\newtwitternethack\room.cpp(133): warning C4244: 'argument': conversion from 'int' to 'float', possible loss of data
c:\users\teemu\documents\github\pa1415\assignments\twitternethackproject\newtwitternethack\newtwitternethack\room.cpp(216): warning C4244: 'argument': conversion from 'int' to 'float', possible loss of data
  Portal.cpp
  Player.cpp
  Menu.cpp
c:\users\teemu\documents\github\pa1415\assignments\twitternethackproject\newtwitternethack\newtwitternethack\menu.cpp(16): warning C4305: 'argument': truncation from 'double' to 'float'
  Item.cpp
  Inventory.cpp
c:\users\teemu\documents\github\pa1415\assignments\twitternethackproject\newtwitternethack\newtwitternethack\inventory.cpp(40): warning C4244: 'argument': conversion from 'int' to 'float', possible loss of data
  GameHandler.cpp
c:\users\teemu\documents\github\pa1415\assignments\twitternethackproject\newtwitternethack\newtwitternethack\gamehandler.cpp(186): warning C4244: '=': conversion from 'float' to 'int', possible loss of data
c:\users\teemu\documents\github\pa1415\assignments\twitternethackproject\newtwitternethack\newtwitternethack\gamehandler.cpp(187): warning C4244: '=': conversion from 'float' to 'int', possible loss of data
  Generating Code...
  Main.cpp
  NewTwitterNethack.vcxproj -> C:\Users\teemu\Documents\GitHub\PA1415\Assignments\TwitterNethackProject\NewTwitterNethack\Debug\NewTwitterNethack.exe
  NewTwitterNethack.vcxproj -> C:\Users\teemu\Documents\GitHub\PA1415\Assignments\TwitterNethackProject\NewTwitterNethack\Debug\NewTwitterNethack.pdb (Partial PDB)
