c:\users\teemu\documents\visual studio 2017\projects\newtwitternethack\newtwitternethack\debug\vc141.pdb
c:\users\teemu\documents\visual studio 2017\projects\newtwitternethack\newtwitternethack\debug\vc141.idb
c:\users\teemu\documents\visual studio 2017\projects\newtwitternethack\newtwitternethack\debug\main.obj
c:\users\teemu\documents\github\pa1415\assignments\twitternethackproject\newtwitternethack\newtwitternethack\debug\vc141.pdb
c:\users\teemu\documents\github\pa1415\assignments\twitternethackproject\newtwitternethack\newtwitternethack\debug\vc141.idb
c:\users\teemu\documents\github\pa1415\assignments\twitternethackproject\newtwitternethack\newtwitternethack\debug\gamehandler.obj
c:\users\teemu\documents\github\pa1415\assignments\twitternethackproject\newtwitternethack\newtwitternethack\debug\main.obj
c:\users\teemu\documents\github\pa1415\assignments\twitternethackproject\newtwitternethack\newtwitternethack\debug\menu.obj
c:\users\teemu\documents\github\pa1415\assignments\twitternethackproject\newtwitternethack\newtwitternethack\debug\player.obj
c:\users\teemu\documents\github\pa1415\assignments\twitternethackproject\newtwitternethack\newtwitternethack\debug\room.obj
c:\users\teemu\documents\github\pa1415\assignments\twitternethackproject\newtwitternethack\newtwitternethack\debug\twitterapi.obj
c:\users\teemu\documents\github\pa1415\assignments\twitternethackproject\newtwitternethack\newtwitternethack\debug\vc140.pdb
c:\users\teemu\documents\github\pa1415\assignments\twitternethackproject\newtwitternethack\newtwitternethack\debug\vc140.idb
c:\users\teemu\documents\github\pa1415\assignments\twitternethackproject\newtwitternethack\newtwitternethack\debug\portal.obj
c:\users\teemu\documents\github\pa1415\assignments\twitternethackproject\newtwitternethack\newtwitternethack\debug\inventory.obj
c:\users\teemu\documents\github\pa1415\assignments\twitternethackproject\newtwitternethack\newtwitternethack\debug\item.obj
c:\users\teemu\documents\github\pa1415\assignments\twitternethackproject\newtwitternethack\debug\newtwitternethack.ilk
c:\users\teemu\documents\github\pa1415\assignments\twitternethackproject\newtwitternethack\debug\newtwitternethack.exe
c:\users\teemu\documents\github\pa1415\assignments\twitternethackproject\newtwitternethack\debug\newtwitternethack.pdb
c:\users\klorinmannen\documents\visual studio 2015\pa1415\assignments\twitternethackproject\newtwitternethack\newtwitternethack\debug\gamehandler.obj
c:\users\klorinmannen\documents\visual studio 2015\pa1415\assignments\twitternethackproject\newtwitternethack\newtwitternethack\debug\inventory.obj
c:\users\klorinmannen\documents\visual studio 2015\pa1415\assignments\twitternethackproject\newtwitternethack\newtwitternethack\debug\item.obj
c:\users\klorinmannen\documents\visual studio 2015\pa1415\assignments\twitternethackproject\newtwitternethack\newtwitternethack\debug\main.obj
c:\users\klorinmannen\documents\visual studio 2015\pa1415\assignments\twitternethackproject\newtwitternethack\newtwitternethack\debug\menu.obj
c:\users\klorinmannen\documents\visual studio 2015\pa1415\assignments\twitternethackproject\newtwitternethack\newtwitternethack\debug\player.obj
c:\users\klorinmannen\documents\visual studio 2015\pa1415\assignments\twitternethackproject\newtwitternethack\newtwitternethack\debug\portal.obj
c:\users\klorinmannen\documents\visual studio 2015\pa1415\assignments\twitternethackproject\newtwitternethack\newtwitternethack\debug\room.obj
c:\users\klorinmannen\documents\visual studio 2015\pa1415\assignments\twitternethackproject\newtwitternethack\newtwitternethack\debug\twitterapi.obj
c:\users\klorinmannen\documents\visual studio 2015\pa1415\assignments\twitternethackproject\newtwitternethack\newtwitternethack\debug\vc140.idb
c:\users\klorinmannen\documents\visual studio 2015\pa1415\assignments\twitternethackproject\newtwitternethack\newtwitternethack\debug\vc141.idb
c:\users\klorinmannen\documents\visual studio 2015\pa1415\assignments\twitternethackproject\newtwitternethack\newtwitternethack\debug\vc140.pdb
c:\users\klorinmannen\documents\visual studio 2015\pa1415\assignments\twitternethackproject\newtwitternethack\newtwitternethack\debug\vc141.pdb
c:\users\klorinmannen\documents\visual studio 2015\pa1415\assignments\twitternethackproject\newtwitternethack\debug\newtwitternethack.pdb
c:\users\klorinmannen\documents\visual studio 2015\pa1415\assignments\twitternethackproject\newtwitternethack\debug\newtwitternethack.exe
c:\users\klorinmannen\documents\visual studio 2015\pa1415\assignments\twitternethackproject\newtwitternethack\debug\newtwitternethack.ilk
c:\users\klorinmannen\documents\visual studio 2015\pa1415\assignments\twitternethackproject\newtwitternethack\newtwitternethack\debug\newtwitt.e6340417.tlog\cl.command.1.tlog
c:\users\klorinmannen\documents\visual studio 2015\pa1415\assignments\twitternethackproject\newtwitternethack\newtwitternethack\debug\newtwitt.e6340417.tlog\cl.read.1.tlog
c:\users\klorinmannen\documents\visual studio 2015\pa1415\assignments\twitternethackproject\newtwitternethack\newtwitternethack\debug\newtwitt.e6340417.tlog\cl.write.1.tlog
c:\users\klorinmannen\documents\visual studio 2015\pa1415\assignments\twitternethackproject\newtwitternethack\newtwitternethack\debug\newtwitt.e6340417.tlog\link.command.1.tlog
c:\users\klorinmannen\documents\visual studio 2015\pa1415\assignments\twitternethackproject\newtwitternethack\newtwitternethack\debug\newtwitt.e6340417.tlog\link.read.1.tlog
c:\users\klorinmannen\documents\visual studio 2015\pa1415\assignments\twitternethackproject\newtwitternethack\newtwitternethack\debug\newtwitt.e6340417.tlog\link.write.1.tlog
